<?xml version="1.0" encoding="UTF-8"?>
<!-- Generated by org.testng.reporters.JUnitReportReporter -->
<testsuite hostname="LAPTOP-Q5EP9EKN" failures="0" tests="3" name="org.vtiger.campaign.TC003_ToVerifyUserIsAbleToCreateMultipleCampaginWithMandatoryFieldsTest" time="72.195" errors="0" timestamp="2026-07-01T08:55:22 IST" skipped="0">
  <testcase classname="org.vtiger.campaign.TC003_ToVerifyUserIsAbleToCreateMultipleCampaginWithMandatoryFieldsTest" name="createMultipleCampaignWithMandatoryFileds" time="24.255">
    <system-out>
      <![CDATA[onTestSuccess]]>
    </system-out>
  </testcase> <!-- createMultipleCampaignWithMandatoryFileds -->
  <testcase classname="org.vtiger.campaign.TC003_ToVerifyUserIsAbleToCreateMultipleCampaginWithMandatoryFieldsTest" name="createMultipleCampaignWithMandatoryFileds" time="23.985">
    <system-out>
      <![CDATA[onTestSuccess]]>
    </system-out>
  </testcase> <!-- createMultipleCampaignWithMandatoryFileds -->
  <testcase classname="org.vtiger.campaign.TC003_ToVerifyUserIsAbleToCreateMultipleCampaginWithMandatoryFieldsTest" name="createMultipleCampaignWithMandatoryFileds" time="23.955">
    <system-out>
      <![CDATA[onTestSuccess]]>
    </system-out>
  </testcase> <!-- createMultipleCampaignWithMandatoryFileds -->
  <system-out>
    <![CDATA[onStartDefault suite
onTestSuccess
onTestSuccess
onTestSuccess]]>
  </system-out>
</testsuite> <!-- org.vtiger.campaign.TC003_ToVerifyUserIsAbleToCreateMultipleCampaginWithMandatoryFieldsTest -->
