<?xml version="1.0" encoding="UTF-8"?>
<!-- Generated by org.testng.reporters.JUnitReportReporter -->
<testsuite hostname="LAPTOP-Q5EP9EKN" failures="0" tests="3" name="org.vtiger.contacts.TC003_ToVerifyUserIsAbleToCreateMultipleContactWithMandatoryFieldsTest" time="94.553" errors="0" timestamp="2026-07-02T10:05:53 IST" skipped="0">
  <testcase classname="org.vtiger.contacts.TC003_ToVerifyUserIsAbleToCreateMultipleContactWithMandatoryFieldsTest" name="toCreateMultipleContactsWithMandatoryFields" time="31.319">
    <system-out>
      <![CDATA[onTestSuccess]]>
    </system-out>
  </testcase> <!-- toCreateMultipleContactsWithMandatoryFields -->
  <testcase classname="org.vtiger.contacts.TC003_ToVerifyUserIsAbleToCreateMultipleContactWithMandatoryFieldsTest" name="toCreateMultipleContactsWithMandatoryFields" time="30.917">
    <system-out>
      <![CDATA[onTestSuccess]]>
    </system-out>
  </testcase> <!-- toCreateMultipleContactsWithMandatoryFields -->
  <testcase classname="org.vtiger.contacts.TC003_ToVerifyUserIsAbleToCreateMultipleContactWithMandatoryFieldsTest" name="toCreateMultipleContactsWithMandatoryFields" time="32.317">
    <system-out>
      <![CDATA[onTestSuccess]]>
    </system-out>
  </testcase> <!-- toCreateMultipleContactsWithMandatoryFields -->
  <system-out>
    <![CDATA[onStartDefault suite
onTestSuccess
onTestSuccess
onTestSuccess]]>
  </system-out>
</testsuite> <!-- org.vtiger.contacts.TC003_ToVerifyUserIsAbleToCreateMultipleContactWithMandatoryFieldsTest -->
