<?xml version="1.0" encoding="UTF-8"?>
<!-- Generated by org.testng.reporters.JUnitReportReporter -->
<testsuite hostname="LAPTOP-Q5EP9EKN" failures="0" tests="3" name="org.vtiger.contacts.TC003_ToVerifyUserIsAbleToCreateMultipleContactWithMandatoryFieldsTest" time="80.409" errors="0" timestamp="2026-07-03T10:07:09 IST" skipped="0">
  <testcase classname="org.vtiger.contacts.TC003_ToVerifyUserIsAbleToCreateMultipleContactWithMandatoryFieldsTest" name="toCreateMultipleContactsWithMandatoryFields" time="26.885">
    <system-out>
      <![CDATA[onTestSuccess]]>
    </system-out>
  </testcase> <!-- toCreateMultipleContactsWithMandatoryFields -->
  <testcase classname="org.vtiger.contacts.TC003_ToVerifyUserIsAbleToCreateMultipleContactWithMandatoryFieldsTest" name="toCreateMultipleContactsWithMandatoryFields" time="26.394">
    <system-out>
      <![CDATA[onTestSuccess]]>
    </system-out>
  </testcase> <!-- toCreateMultipleContactsWithMandatoryFields -->
  <testcase classname="org.vtiger.contacts.TC003_ToVerifyUserIsAbleToCreateMultipleContactWithMandatoryFieldsTest" name="toCreateMultipleContactsWithMandatoryFields" time="27.130">
    <system-out>
      <![CDATA[onTestSuccess]]>
    </system-out>
  </testcase> <!-- toCreateMultipleContactsWithMandatoryFields -->
  <system-out>
    <![CDATA[onStartBatchSuite3_testng.xml
onTestSuccess
onTestSuccess
onTestSuccess
onTestSuccess
onTestSuccess
onTestSuccess]]>
  </system-out>
</testsuite> <!-- org.vtiger.contacts.TC003_ToVerifyUserIsAbleToCreateMultipleContactWithMandatoryFieldsTest -->
