<?xml version="1.0" encoding="UTF-8"?>
<!-- Generated by org.testng.reporters.JUnitReportReporter -->
<testsuite hostname="LAPTOP-Q5EP9EKN" failures="0" tests="3" name="org.vtiger.campaign.TC003_ToVerifyUserIsAbleToCreateMultipleCampaginWithMandatoryFieldsTest" time="67.532" errors="0" timestamp="2026-07-03T10:07:09 IST" skipped="0">
  <testcase classname="org.vtiger.campaign.TC003_ToVerifyUserIsAbleToCreateMultipleCampaginWithMandatoryFieldsTest" name="createMultipleCampaignWithMandatoryFileds" time="23.040">
    <system-out>
      <![CDATA[onTestSuccess]]>
    </system-out>
  </testcase> <!-- createMultipleCampaignWithMandatoryFileds -->
  <testcase classname="org.vtiger.campaign.TC003_ToVerifyUserIsAbleToCreateMultipleCampaginWithMandatoryFieldsTest" name="createMultipleCampaignWithMandatoryFileds" time="22.055">
    <system-out>
      <![CDATA[onTestSuccess]]>
    </system-out>
  </testcase> <!-- createMultipleCampaignWithMandatoryFileds -->
  <testcase classname="org.vtiger.campaign.TC003_ToVerifyUserIsAbleToCreateMultipleCampaginWithMandatoryFieldsTest" name="createMultipleCampaignWithMandatoryFileds" time="22.437">
    <system-out>
      <![CDATA[onTestSuccess]]>
    </system-out>
  </testcase> <!-- createMultipleCampaignWithMandatoryFileds -->
  <system-out>
    <![CDATA[onStartBatchSuite3_testng.xml
onTestSuccess
onTestSuccess
onTestSuccess
onTestSuccess
onTestSuccess
onTestSuccess]]>
  </system-out>
</testsuite> <!-- org.vtiger.campaign.TC003_ToVerifyUserIsAbleToCreateMultipleCampaginWithMandatoryFieldsTest -->
