<?xml version="1.0" encoding="UTF-8"?>
<!-- Generated by org.testng.reporters.JUnitXMLReporter -->
<testsuite ignored="0" hostname="LAPTOP-Q5EP9EKN" failures="0" tests="3" name="Default test" time="110.306" errors="0" timestamp="2026-07-02T10:05:53 IST">
  <testcase classname="org.vtiger.contacts.TC003_ToVerifyUserIsAbleToCreateMultipleContactWithMandatoryFieldsTest" name="toCreateMultipleContactsWithMandatoryFields" time="21.141"/>
  <testcase classname="org.vtiger.contacts.TC003_ToVerifyUserIsAbleToCreateMultipleContactWithMandatoryFieldsTest" name="toCreateMultipleContactsWithMandatoryFields" time="22.153"/>
  <testcase classname="org.vtiger.contacts.TC003_ToVerifyUserIsAbleToCreateMultipleContactWithMandatoryFieldsTest" name="toCreateMultipleContactsWithMandatoryFields" time="20.861"/>
</testsuite> <!-- Default test -->
