<?xml version="1.0" encoding="UTF-8"?>
<!-- Generated by org.testng.reporters.JUnitXMLReporter -->
<testsuite ignored="0" hostname="LAPTOP-Q5EP9EKN" failures="0" tests="6" name="Test" time="154.507" errors="0" timestamp="2026-07-03T10:07:08 IST">
  <testcase classname="org.vtiger.campaign.TC003_ToVerifyUserIsAbleToCreateMultipleCampaginWithMandatoryFieldsTest" name="createMultipleCampaignWithMandatoryFileds" time="14.068"/>
  <testcase classname="org.vtiger.campaign.TC003_ToVerifyUserIsAbleToCreateMultipleCampaginWithMandatoryFieldsTest" name="createMultipleCampaignWithMandatoryFileds" time="14.19"/>
  <testcase classname="org.vtiger.campaign.TC003_ToVerifyUserIsAbleToCreateMultipleCampaginWithMandatoryFieldsTest" name="createMultipleCampaignWithMandatoryFileds" time="14.391"/>
  <testcase classname="org.vtiger.contacts.TC003_ToVerifyUserIsAbleToCreateMultipleContactWithMandatoryFieldsTest" name="toCreateMultipleContactsWithMandatoryFields" time="18.616"/>
  <testcase classname="org.vtiger.contacts.TC003_ToVerifyUserIsAbleToCreateMultipleContactWithMandatoryFieldsTest" name="toCreateMultipleContactsWithMandatoryFields" time="17.941"/>
  <testcase classname="org.vtiger.contacts.TC003_ToVerifyUserIsAbleToCreateMultipleContactWithMandatoryFieldsTest" name="toCreateMultipleContactsWithMandatoryFields" time="18.825"/>
</testsuite> <!-- Test -->
