<?xml version="1.0" encoding="UTF-8"?>
<testng-results ignored="0" total="3" passed="3" failed="0" skipped="0">
  <reporter-output>
    <line>
      <![CDATA[onStartDefault suite]]>
    </line>
    <line>
      <![CDATA[onTestSuccess]]>
    </line>
    <line>
      <![CDATA[onTestSuccess]]>
    </line>
    <line>
      <![CDATA[onTestSuccess]]>
    </line>
  </reporter-output>
  <suite started-at="2026-07-02T10:04:03 IST" name="Default suite" finished-at="2026-07-02T10:05:53 IST" duration-ms="110306">
    <groups>
    </groups>
    <test started-at="2026-07-02T10:04:03 IST" name="Default test" finished-at="2026-07-02T10:05:53 IST" duration-ms="110306">
      <class name="org.vtiger.contacts.TC003_ToVerifyUserIsAbleToCreateMultipleContactWithMandatoryFieldsTest">
        <test-method is-config="true" signature="launchBrowser()[pri:0, instance:org.vtiger.contacts.TC003_ToVerifyUserIsAbleToCreateMultipleContactWithMandatoryFieldsTest@3cd3e762]" started-at="2026-07-02T10:04:03 IST" name="launchBrowser" finished-at="2026-07-02T10:04:16 IST" duration-ms="13660" status="PASS">
          <reporter-output>
          </reporter-output>
        </test-method> <!-- launchBrowser -->
        <test-method is-config="true" signature="login()[pri:0, instance:org.vtiger.contacts.TC003_ToVerifyUserIsAbleToCreateMultipleContactWithMandatoryFieldsTest@3cd3e762]" started-at="2026-07-02T10:04:18 IST" name="login" finished-at="2026-07-02T10:04:22 IST" duration-ms="3991" status="PASS">
          <reporter-output>
          </reporter-output>
        </test-method> <!-- login -->
        <test-method signature="toCreateMultipleContactsWithMandatoryFields(java.lang.String,java.lang.String,java.lang.String)[pri:0, instance:org.vtiger.contacts.TC003_ToVerifyUserIsAbleToCreateMultipleContactWithMandatoryFieldsTest@3cd3e762]" started-at="2026-07-02T10:04:22 IST" name="toCreateMultipleContactsWithMandatoryFields" data-provider="Multicontact" finished-at="2026-07-02T10:04:43 IST" duration-ms="21141" status="PASS">
          <params>
            <param index="0">
              <value>
                <![CDATA[AAAA]]>
              </value>
            </param>
            <param index="1">
              <value>
                <![CDATA[BBBB]]>
              </value>
            </param>
            <param index="2">
              <value>
                <![CDATA[98745]]>
              </value>
            </param>
          </params>
          <reporter-output>
            <line>
              <![CDATA[onTestSuccess]]>
            </line>
          </reporter-output>
        </test-method> <!-- toCreateMultipleContactsWithMandatoryFields -->
        <test-method is-config="true" signature="logout()[pri:0, instance:org.vtiger.contacts.TC003_ToVerifyUserIsAbleToCreateMultipleContactWithMandatoryFieldsTest@3cd3e762]" started-at="2026-07-02T10:04:43 IST" name="logout" finished-at="2026-07-02T10:04:49 IST" duration-ms="5785" status="PASS">
          <reporter-output>
          </reporter-output>
        </test-method> <!-- logout -->
        <test-method is-config="true" signature="login()[pri:0, instance:org.vtiger.contacts.TC003_ToVerifyUserIsAbleToCreateMultipleContactWithMandatoryFieldsTest@3cd3e762]" started-at="2026-07-02T10:04:49 IST" name="login" finished-at="2026-07-02T10:04:54 IST" duration-ms="4377" status="PASS">
          <reporter-output>
          </reporter-output>
        </test-method> <!-- login -->
        <test-method signature="toCreateMultipleContactsWithMandatoryFields(java.lang.String,java.lang.String,java.lang.String)[pri:0, instance:org.vtiger.contacts.TC003_ToVerifyUserIsAbleToCreateMultipleContactWithMandatoryFieldsTest@3cd3e762]" started-at="2026-07-02T10:04:54 IST" name="toCreateMultipleContactsWithMandatoryFields" data-provider="Multicontact" finished-at="2026-07-02T10:05:16 IST" duration-ms="22153" status="PASS">
          <params>
            <param index="0">
              <value>
                <![CDATA[CCCC]]>
              </value>
            </param>
            <param index="1">
              <value>
                <![CDATA[DDDD]]>
              </value>
            </param>
            <param index="2">
              <value>
                <![CDATA[87456]]>
              </value>
            </param>
          </params>
          <reporter-output>
            <line>
              <![CDATA[onTestSuccess]]>
            </line>
          </reporter-output>
        </test-method> <!-- toCreateMultipleContactsWithMandatoryFields -->
        <test-method is-config="true" signature="logout()[pri:0, instance:org.vtiger.contacts.TC003_ToVerifyUserIsAbleToCreateMultipleContactWithMandatoryFieldsTest@3cd3e762]" started-at="2026-07-02T10:05:16 IST" name="logout" finished-at="2026-07-02T10:05:22 IST" duration-ms="6081" status="PASS">
          <reporter-output>
          </reporter-output>
        </test-method> <!-- logout -->
        <test-method is-config="true" signature="login()[pri:0, instance:org.vtiger.contacts.TC003_ToVerifyUserIsAbleToCreateMultipleContactWithMandatoryFieldsTest@3cd3e762]" started-at="2026-07-02T10:05:22 IST" name="login" finished-at="2026-07-02T10:05:26 IST" duration-ms="4335" status="PASS">
          <reporter-output>
          </reporter-output>
        </test-method> <!-- login -->
        <test-method signature="toCreateMultipleContactsWithMandatoryFields(java.lang.String,java.lang.String,java.lang.String)[pri:0, instance:org.vtiger.contacts.TC003_ToVerifyUserIsAbleToCreateMultipleContactWithMandatoryFieldsTest@3cd3e762]" started-at="2026-07-02T10:05:26 IST" name="toCreateMultipleContactsWithMandatoryFields" data-provider="Multicontact" finished-at="2026-07-02T10:05:47 IST" duration-ms="20861" status="PASS">
          <params>
            <param index="0">
              <value>
                <![CDATA[EEEE]]>
              </value>
            </param>
            <param index="1">
              <value>
                <![CDATA[FFFF]]>
              </value>
            </param>
            <param index="2">
              <value>
                <![CDATA[78456]]>
              </value>
            </param>
          </params>
          <reporter-output>
            <line>
              <![CDATA[onTestSuccess]]>
            </line>
          </reporter-output>
        </test-method> <!-- toCreateMultipleContactsWithMandatoryFields -->
        <test-method is-config="true" signature="logout()[pri:0, instance:org.vtiger.contacts.TC003_ToVerifyUserIsAbleToCreateMultipleContactWithMandatoryFieldsTest@3cd3e762]" started-at="2026-07-02T10:05:47 IST" name="logout" finished-at="2026-07-02T10:05:53 IST" duration-ms="5829" status="PASS">
          <reporter-output>
          </reporter-output>
        </test-method> <!-- logout -->
        <test-method is-config="true" signature="closeBrowser()[pri:0, instance:org.vtiger.contacts.TC003_ToVerifyUserIsAbleToCreateMultipleContactWithMandatoryFieldsTest@3cd3e762]" started-at="2026-07-02T10:05:53 IST" name="closeBrowser" finished-at="2026-07-02T10:05:53 IST" duration-ms="225" status="PASS">
          <reporter-output>
          </reporter-output>
        </test-method> <!-- closeBrowser -->
      </class> <!-- org.vtiger.contacts.TC003_ToVerifyUserIsAbleToCreateMultipleContactWithMandatoryFieldsTest -->
    </test> <!-- Default test -->
  </suite> <!-- Default suite -->
</testng-results>
